{
  "stats": {
    "suites": 1,
    "tests": 5,
    "passes": 5,
    "pending": 0,
    "failures": 0,
    "start": "2023-05-17T07:19:24.686Z",
    "end": "2023-05-17T07:19:42.763Z",
    "duration": 18077,
    "testsRegistered": 5,
    "passPercent": 100,
    "pendingPercent": 0,
    "other": 0,
    "hasOther": false,
    "skipped": 0,
    "hasSkipped": false
  },
  "results": [
    {
      "uuid": "f024e2d0-5cab-43c2-95ea-fb47523b6d68",
      "title": "",
      "fullFile": "cypress\\e2e\\Chatbo.cy.js",
      "file": "cypress\\e2e\\Chatbo.cy.js",
      "beforeHooks": [],
      "afterHooks": [],
      "tests": [],
      "suites": [
        {
          "uuid": "655905fc-fe5f-4543-b484-c01b00b08a2e",
          "title": "Kiểm tra xác thực đầu vào",
          "fullFile": "",
          "file": "",
          "beforeHooks": [],
          "afterHooks": [],
          "tests": [
            {
              "title": "Kiểm tra xử lý lỗi ",
              "fullTitle": "Kiểm tra xác thực đầu vào Kiểm tra xử lý lỗi ",
              "timedOut": null,
              "duration": 5459,
              "state": "passed",
              "speed": "medium",
              "pass": true,
              "fail": false,
              "pending": false,
              "context": "{\n  \"title\": \"cypress-mochawesome-reporter-videos\",\n  \"value\": \"cypress\\\\e2e\\\\Chatbo.cy.js\"\n}",
              "code": "loginpage.setClickCancel();\nif (row.length > 0) {\n  //print console\n  console.log(row[0]);\n  cy.clearAllCookies();\n  cy.reload();\n}",
              "err": {},
              "uuid": "84c860e6-2d0c-4b50-b865-18ab0da4f2ab",
              "parentUUID": "655905fc-fe5f-4543-b484-c01b00b08a2e",
              "isHook": false,
              "skipped": false
            },
            {
              "title": "Kiểm tra xử lý lỗi ",
              "fullTitle": "Kiểm tra xác thực đầu vào Kiểm tra xử lý lỗi ",
              "timedOut": null,
              "duration": 3393,
              "state": "passed",
              "speed": "fast",
              "pass": true,
              "fail": false,
              "pending": false,
              "context": "{\n  \"title\": \"cypress-mochawesome-reporter-videos\",\n  \"value\": \"cypress\\\\e2e\\\\Chatbo.cy.js\"\n}",
              "code": "loginpage.setClickCancel();\nif (row.length > 0) {\n  //print console\n  console.log(row[0]);\n  cy.clearAllCookies();\n  cy.reload();\n}",
              "err": {},
              "uuid": "82bc35f0-ad16-42ed-a78c-06e873c51944",
              "parentUUID": "655905fc-fe5f-4543-b484-c01b00b08a2e",
              "isHook": false,
              "skipped": false
            },
            {
              "title": "Kiểm tra xử lý lỗi ",
              "fullTitle": "Kiểm tra xác thực đầu vào Kiểm tra xử lý lỗi ",
              "timedOut": null,
              "duration": 2449,
              "state": "passed",
              "speed": "fast",
              "pass": true,
              "fail": false,
              "pending": false,
              "context": "{\n  \"title\": \"cypress-mochawesome-reporter-videos\",\n  \"value\": \"cypress\\\\e2e\\\\Chatbo.cy.js\"\n}",
              "code": "loginpage.setClickCancel();\nif (row.length > 0) {\n  //print console\n  console.log(row[0]);\n  cy.clearAllCookies();\n  cy.reload();\n}",
              "err": {},
              "uuid": "66365649-9be7-499e-a530-e5416d2c7450",
              "parentUUID": "655905fc-fe5f-4543-b484-c01b00b08a2e",
              "isHook": false,
              "skipped": false
            },
            {
              "title": "Kiểm tra xử lý lỗi ",
              "fullTitle": "Kiểm tra xác thực đầu vào Kiểm tra xử lý lỗi ",
              "timedOut": null,
              "duration": 2839,
              "state": "passed",
              "speed": "fast",
              "pass": true,
              "fail": false,
              "pending": false,
              "context": "{\n  \"title\": \"cypress-mochawesome-reporter-videos\",\n  \"value\": \"cypress\\\\e2e\\\\Chatbo.cy.js\"\n}",
              "code": "loginpage.setClickCancel();\nif (row.length > 0) {\n  //print console\n  console.log(row[0]);\n  cy.clearAllCookies();\n  cy.reload();\n}",
              "err": {},
              "uuid": "a6c3f2e9-2134-46d6-88c2-cbeac0fcffc9",
              "parentUUID": "655905fc-fe5f-4543-b484-c01b00b08a2e",
              "isHook": false,
              "skipped": false
            },
            {
              "title": "Kiểm tra xử lý lỗi ",
              "fullTitle": "Kiểm tra xác thực đầu vào Kiểm tra xử lý lỗi ",
              "timedOut": null,
              "duration": 3740,
              "state": "passed",
              "speed": "fast",
              "pass": true,
              "fail": false,
              "pending": false,
              "context": "{\n  \"title\": \"cypress-mochawesome-reporter-videos\",\n  \"value\": \"cypress\\\\e2e\\\\Chatbo.cy.js\"\n}",
              "code": "loginpage.setClickCancel();\nif (row.length > 0) {\n  //print console\n  console.log(row[0]);\n  cy.clearAllCookies();\n  cy.reload();\n}",
              "err": {},
              "uuid": "a158cad3-3ade-4cd8-bc91-134a3384077a",
              "parentUUID": "655905fc-fe5f-4543-b484-c01b00b08a2e",
              "isHook": false,
              "skipped": false
            }
          ],
          "suites": [],
          "passes": [
            "84c860e6-2d0c-4b50-b865-18ab0da4f2ab",
            "82bc35f0-ad16-42ed-a78c-06e873c51944",
            "66365649-9be7-499e-a530-e5416d2c7450",
            "a6c3f2e9-2134-46d6-88c2-cbeac0fcffc9",
            "a158cad3-3ade-4cd8-bc91-134a3384077a"
          ],
          "failures": [],
          "pending": [],
          "skipped": [],
          "duration": 17880,
          "root": false,
          "rootEmpty": false,
          "_timeout": 2000
        }
      ],
      "passes": [],
      "failures": [],
      "pending": [],
      "skipped": [],
      "duration": 0,
      "root": true,
      "rootEmpty": true,
      "_timeout": 2000
    }
  ],
  "meta": {
    "mocha": {
      "version": "7.0.1"
    },
    "mochawesome": {
      "options": {
        "quiet": false,
        "reportFilename": "mochawesome",
        "saveHtml": false,
        "saveJson": true,
        "consoleReporter": "spec",
        "useInlineDiffs": false,
        "code": true
      },
      "version": "7.1.3"
    },
    "marge": {
      "options": {
        "charts": true,
        "reportPageTitle": "custom-title",
        "embeddedScreenshots": true,
        "inlineAssets": true,
        "saveAllAttempts": false,
        "html": false,
        "overwrite": false,
        "json": true,
        "reportDir": "cypress\\reports\\html\\.jsons"
      },
      "version": "6.2.0"
    }
  }
}