{
  "stats": {
    "suites": 1,
    "tests": 1,
    "passes": 0,
    "pending": 0,
    "failures": 1,
    "start": "2023-05-17T07:20:31.407Z",
    "end": "2023-05-17T07:20:31.856Z",
    "duration": 449,
    "testsRegistered": 1,
    "passPercent": 0,
    "pendingPercent": 0,
    "other": 0,
    "hasOther": false,
    "skipped": 0,
    "hasSkipped": false
  },
  "results": [
    {
      "uuid": "52f05651-d1f2-4947-85d4-bc697af60195",
      "title": "",
      "fullFile": "cypress\\e2e\\Module12-1.cy.js",
      "file": "cypress\\e2e\\Module12-1.cy.js",
      "beforeHooks": [],
      "afterHooks": [],
      "tests": [],
      "suites": [
        {
          "uuid": "ce6a00bb-59a3-4517-ae70-8ae0f4f8be1a",
          "title": "POST",
          "fullFile": "",
          "file": "",
          "beforeHooks": [],
          "afterHooks": [],
          "tests": [
            {
              "title": "XSS đăng kí",
              "fullTitle": "POST XSS đăng kí",
              "timedOut": null,
              "duration": 386,
              "state": "failed",
              "speed": null,
              "pass": false,
              "fail": true,
              "pending": false,
              "context": "[\n  {\n    \"title\": \"cypress-mochawesome-reporter-videos\",\n    \"value\": \"cypress\\\\e2e\\\\Module12-1.cy.js\"\n  },\n  {\n    \"title\": \"cypress-mochawesome-reporter-screenshots\",\n    \"value\": [\n      [\n        {\n          \"title\": \"Failed screenshot\",\n          \"value\": \"\\\\Module12-1.cy.js\\\\POST -- XSS đăng kí (failed).png\"\n        }\n      ]\n    ]\n  }\n]",
              "code": "cy.request({\n  url: 'https://juice-shop.eliitme.xyz/#/register',\n  method: 'POST',\n  cache: 'no-cache',\n  headers: {\n    'Content-type': 'application/json'\n  },\n  body: JSON.stringify({\n    email: '<iframe src=\"javascript:alert(`xss`)\">',\n    password: 'XSSed',\n    passwordRepeat: 'XSSed',\n    role: 'admin'\n  })\n}).then(res => {\n  expect(res.status).to.eq(400);\n  console.log('Success');\n});",
              "err": {
                "message": "AssertionError: expected 200 to equal 400",
                "estack": "AssertionError: expected 200 to equal 400\n    at Context.eval (webpack:///./cypress/e2e/Module12-1.cy.js:17:34)",
                "diff": "- 200\n+ 400\n"
              },
              "uuid": "e734f65b-2026-4280-8b93-9a741ee134db",
              "parentUUID": "ce6a00bb-59a3-4517-ae70-8ae0f4f8be1a",
              "isHook": false,
              "skipped": false
            }
          ],
          "suites": [],
          "passes": [],
          "failures": [
            "e734f65b-2026-4280-8b93-9a741ee134db"
          ],
          "pending": [],
          "skipped": [],
          "duration": 386,
          "root": false,
          "rootEmpty": false,
          "_timeout": 2000
        }
      ],
      "passes": [],
      "failures": [],
      "pending": [],
      "skipped": [],
      "duration": 0,
      "root": true,
      "rootEmpty": true,
      "_timeout": 2000
    }
  ],
  "meta": {
    "mocha": {
      "version": "7.0.1"
    },
    "mochawesome": {
      "options": {
        "quiet": false,
        "reportFilename": "mochawesome",
        "saveHtml": false,
        "saveJson": true,
        "consoleReporter": "spec",
        "useInlineDiffs": false,
        "code": true
      },
      "version": "7.1.3"
    },
    "marge": {
      "options": {
        "charts": true,
        "reportPageTitle": "custom-title",
        "embeddedScreenshots": true,
        "inlineAssets": true,
        "saveAllAttempts": false,
        "html": false,
        "overwrite": false,
        "json": true,
        "reportDir": "cypress\\reports\\html\\.jsons"
      },
      "version": "6.2.0"
    }
  }
}