{
  "stats": {
    "suites": 2,
    "tests": 2,
    "passes": 1,
    "pending": 0,
    "failures": 1,
    "start": "2023-05-17T07:21:16.355Z",
    "end": "2023-05-17T07:21:28.442Z",
    "duration": 12087,
    "testsRegistered": 2,
    "passPercent": 50,
    "pendingPercent": 0,
    "other": 0,
    "hasOther": false,
    "skipped": 0,
    "hasSkipped": false
  },
  "results": [
    {
      "uuid": "8e785f95-50e3-4b53-a6e3-ce9a5100e173",
      "title": "",
      "fullFile": "cypress\\e2e\\Module4-2.cy.js",
      "file": "cypress\\e2e\\Module4-2.cy.js",
      "beforeHooks": [],
      "afterHooks": [],
      "tests": [],
      "suites": [
        {
          "uuid": "b4e17314-0204-4d9f-bffc-7c51d5d8f127",
          "title": "Register",
          "fullFile": "",
          "file": "",
          "beforeHooks": [],
          "afterHooks": [],
          "tests": [],
          "suites": [
            {
              "uuid": "b54d2321-92fc-45b3-b3a1-5c197a294119",
              "title": "Kiểm tra xác thực",
              "fullFile": "",
              "file": "",
              "beforeHooks": [],
              "afterHooks": [],
              "tests": [
                {
                  "title": "Kiểm tra chính sách mật khẩu yếu (nhỏ hơn 5 kí tự )",
                  "fullTitle": "Register Kiểm tra xác thực Kiểm tra chính sách mật khẩu yếu (nhỏ hơn 5 kí tự )",
                  "timedOut": null,
                  "duration": 4366,
                  "state": "passed",
                  "speed": "fast",
                  "pass": true,
                  "fail": false,
                  "pending": false,
                  "context": "{\n  \"title\": \"cypress-mochawesome-reporter-videos\",\n  \"value\": \"cypress\\\\e2e\\\\Module4-2.cy.js\"\n}",
                  "code": "registerpage.setClickCancel();\nregisterpage.setInputEmail(\"thanhhoa592000@gmail.com\");\nregisterpage.setInputPassword(\"123\");\nregisterpage.setInputRepeatPassword(\"123\");\ncy.get('span[class=\"mat-slide-toggle-bar\"]').click();\nregisterpage.setAnswerControl(\"test\");\ncy.get('#mat-error-7').contains('Password must be 5-40 characters long. ').should('be.visible');\ncy.wait(100);",
                  "err": {},
                  "uuid": "abbbf8c0-143a-4777-9c4f-aeaa37b1f6da",
                  "parentUUID": "b54d2321-92fc-45b3-b3a1-5c197a294119",
                  "isHook": false,
                  "skipped": false
                },
                {
                  "title": "Kiểm tra chính sách mật khẩu yếu ( sai độ khó mật khẩu) ",
                  "fullTitle": "Register Kiểm tra xác thực Kiểm tra chính sách mật khẩu yếu ( sai độ khó mật khẩu) ",
                  "timedOut": null,
                  "duration": 7616,
                  "state": "failed",
                  "speed": null,
                  "pass": false,
                  "fail": true,
                  "pending": false,
                  "context": "[\n  {\n    \"title\": \"cypress-mochawesome-reporter-videos\",\n    \"value\": \"cypress\\\\e2e\\\\Module4-2.cy.js\"\n  },\n  {\n    \"title\": \"cypress-mochawesome-reporter-screenshots\",\n    \"value\": [\n      [\n        {\n          \"title\": \"Failed screenshot\",\n          \"value\": \"\\\\Module4-2.cy.js\\\\Register -- Kiểm tra xác thực -- Kiểm tra chính sách mật khẩu yếu ( sai độ khó mật khẩu) (failed).png\"\n        }\n      ]\n    ]\n  }\n]",
                  "code": "registerpage.setClickCancel();\nregisterpage.setInputEmail(\"test1@gmail.com\");\nregisterpage.setInputPassword(\"1234567\");\nregisterpage.setInputRepeatPassword(\"1234567\");\ncy.get('span[class=\"mat-slide-toggle-bar\"]').click();\nregisterpage.setAnswerControl(\"test\");\n// thay should bằng click\ncy.get('#registerButton').should('not.be.visible');\ncy.wait(100);",
                  "err": {
                    "message": "AssertionError: Timed out retrying after 4000ms: expected '<button#registerButton.mat-focus-indicator.mat-raised-button.mat-button-base.mat-primary>' not to be 'visible'",
                    "estack": "AssertionError: Timed out retrying after 4000ms: expected '<button#registerButton.mat-focus-indicator.mat-raised-button.mat-button-base.mat-primary>' not to be 'visible'\n    at Context.eval (webpack:///./cypress/e2e/Module4-2.cy.js:45:38)",
                    "diff": null
                  },
                  "uuid": "db69821e-ed54-41bc-8f75-413e1f6f7a0f",
                  "parentUUID": "b54d2321-92fc-45b3-b3a1-5c197a294119",
                  "isHook": false,
                  "skipped": false
                }
              ],
              "suites": [],
              "passes": [
                "abbbf8c0-143a-4777-9c4f-aeaa37b1f6da"
              ],
              "failures": [
                "db69821e-ed54-41bc-8f75-413e1f6f7a0f"
              ],
              "pending": [],
              "skipped": [],
              "duration": 11982,
              "root": false,
              "rootEmpty": false,
              "_timeout": 2000
            }
          ],
          "passes": [],
          "failures": [],
          "pending": [],
          "skipped": [],
          "duration": 0,
          "root": false,
          "rootEmpty": false,
          "_timeout": 2000
        }
      ],
      "passes": [],
      "failures": [],
      "pending": [],
      "skipped": [],
      "duration": 0,
      "root": true,
      "rootEmpty": true,
      "_timeout": 2000
    }
  ],
  "meta": {
    "mocha": {
      "version": "7.0.1"
    },
    "mochawesome": {
      "options": {
        "quiet": false,
        "reportFilename": "mochawesome",
        "saveHtml": false,
        "saveJson": true,
        "consoleReporter": "spec",
        "useInlineDiffs": false,
        "code": true
      },
      "version": "7.1.3"
    },
    "marge": {
      "options": {
        "charts": true,
        "reportPageTitle": "custom-title",
        "embeddedScreenshots": true,
        "inlineAssets": true,
        "saveAllAttempts": false,
        "html": false,
        "overwrite": false,
        "json": true,
        "reportDir": "cypress\\reports\\html\\.jsons"
      },
      "version": "6.2.0"
    }
  }
}