{
  "stats": {
    "suites": 1,
    "tests": 2,
    "passes": 2,
    "pending": 0,
    "failures": 0,
    "start": "2023-05-17T07:21:56.293Z",
    "end": "2023-05-17T07:22:07.964Z",
    "duration": 11671,
    "testsRegistered": 2,
    "passPercent": 100,
    "pendingPercent": 0,
    "other": 0,
    "hasOther": false,
    "skipped": 0,
    "hasSkipped": false
  },
  "results": [
    {
      "uuid": "9358b5c4-6c5f-4d58-bb33-9fe041ef120f",
      "title": "",
      "fullFile": "cypress\\e2e\\Module6-1.cy.js",
      "file": "cypress\\e2e\\Module6-1.cy.js",
      "beforeHooks": [],
      "afterHooks": [],
      "tests": [],
      "suites": [
        {
          "uuid": "f6d518c8-0d78-45bb-bd9a-cef7eb3d5e63",
          "title": "Kiểm tra quản lý phiên",
          "fullFile": "",
          "file": "",
          "beforeHooks": [],
          "afterHooks": [],
          "tests": [
            {
              "title": "Kiểm tra chức năng đăng xuất của Admin",
              "fullTitle": "Kiểm tra quản lý phiên Kiểm tra chức năng đăng xuất của Admin",
              "timedOut": null,
              "duration": 5085,
              "state": "passed",
              "speed": "medium",
              "pass": true,
              "fail": false,
              "pending": false,
              "context": "{\n  \"title\": \"cypress-mochawesome-reporter-videos\",\n  \"value\": \"cypress\\\\e2e\\\\Module6-1.cy.js\"\n}",
              "code": "cy.visit('/login');\nloginpage.setClickCancel();\nloginpage.setEmail(\"admin@juice-sh.op\");\nloginpage.setPassword(\"admin123\");\nloginpage.clickSubmit();\ncy.wait(1000);\ncy.get('button#navbarAccount').click();\ncy.get('button#navbarLogoutButton').click();\ncy.get('button#navbarAccount').click();\n// Kiểm tra đăng xuất thành công chưa\ncy.get('button#navbarLoginButton').should('be.visible');",
              "err": {},
              "uuid": "919bfd6c-0dca-4ffa-a5e7-083ef6e88f44",
              "parentUUID": "f6d518c8-0d78-45bb-bd9a-cef7eb3d5e63",
              "isHook": false,
              "skipped": false
            },
            {
              "title": "Kiểm tra chức năng đăng xuất của User",
              "fullTitle": "Kiểm tra quản lý phiên Kiểm tra chức năng đăng xuất của User",
              "timedOut": null,
              "duration": 6343,
              "state": "passed",
              "speed": "medium",
              "pass": true,
              "fail": false,
              "pending": false,
              "context": "{\n  \"title\": \"cypress-mochawesome-reporter-videos\",\n  \"value\": \"cypress\\\\e2e\\\\Module6-1.cy.js\"\n}",
              "code": "cy.visit('/login');\nloginpage.setClickCancel();\nloginpage.setEmail(\"thanhhoa592000@gmail.com\");\nloginpage.setPassword(\"1234567\");\nloginpage.clickSubmit();\ncy.wait(1000);\ncy.get('button#navbarAccount').click();\ncy.get('button#navbarLogoutButton').click();\ncy.get('button#navbarAccount').click();\n// Kiểm tra đăng xuất thành công chưa\ncy.get('button#navbarLoginButton').should('be.visible');\n;",
              "err": {},
              "uuid": "3b6913a9-5f59-4c75-b2fc-bab70c2f3c6b",
              "parentUUID": "f6d518c8-0d78-45bb-bd9a-cef7eb3d5e63",
              "isHook": false,
              "skipped": false
            }
          ],
          "suites": [],
          "passes": [
            "919bfd6c-0dca-4ffa-a5e7-083ef6e88f44",
            "3b6913a9-5f59-4c75-b2fc-bab70c2f3c6b"
          ],
          "failures": [],
          "pending": [],
          "skipped": [],
          "duration": 11428,
          "root": false,
          "rootEmpty": false,
          "_timeout": 2000
        }
      ],
      "passes": [],
      "failures": [],
      "pending": [],
      "skipped": [],
      "duration": 0,
      "root": true,
      "rootEmpty": true,
      "_timeout": 2000
    }
  ],
  "meta": {
    "mocha": {
      "version": "7.0.1"
    },
    "mochawesome": {
      "options": {
        "quiet": false,
        "reportFilename": "mochawesome",
        "saveHtml": false,
        "saveJson": true,
        "consoleReporter": "spec",
        "useInlineDiffs": false,
        "code": true
      },
      "version": "7.1.3"
    },
    "marge": {
      "options": {
        "charts": true,
        "reportPageTitle": "custom-title",
        "embeddedScreenshots": true,
        "inlineAssets": true,
        "saveAllAttempts": false,
        "html": false,
        "overwrite": false,
        "json": true,
        "reportDir": "cypress\\reports\\html\\.jsons"
      },
      "version": "6.2.0"
    }
  }
}